<?xml version="1.0" encoding="UTF-8"?>
<!-- Generated by org.testng.reporters.JUnitReportReporter -->
<testsuite hostname="Computer" failures="0" tests="2" name="JiraCheck" time="11.365" errors="0" timestamp="2021-02-15T11:10:23 EET" skipped="0">
  <testcase classname="JiraCheck" name="jiraIssueOnError" time="0.605"/>
  <system-out/>
  <testcase classname="JiraCheck" name="jiraIssueFullOk" time="10.760"/>
  <system-out/>
</testsuite> <!-- JiraCheck -->
